Start testing: Aug 20 14:23 India Standard Time
----------------------------------------------------------
1/2 Testing: CoreTests
1/2 Test: CoreTests
Command: "C:/Users/Durgeshwar/Desktop/Learning/MathForge/build/tests/test_core.exe"
Directory: C:/Users/Durgeshwar/Desktop/Learning/MathForge/build/tests
"CoreTests" start time: Aug 20 14:23 India Standard Time
Output:
----------------------------------------------------------
[==========] Running 8 tests from 3 test suites.
[----------] Global test environment set-up.
[----------] 3 tests from VersionTest
[ RUN      ] VersionTest.VersionString
[       OK ] VersionTest.VersionString (0 ms)
[ RUN      ] VersionTest.BuildInfo
[       OK ] VersionTest.BuildInfo (0 ms)
[ RUN      ] VersionTest.Copyright
[       OK ] VersionTest.Copyright (0 ms)
[----------] 3 tests from VersionTest (0 ms total)

[----------] 3 tests from ExceptionsTest
[ RUN      ] ExceptionsTest.BaseException
[       OK ] ExceptionsTest.BaseException (0 ms)
[ RUN      ] ExceptionsTest.LexicalException
[       OK ] ExceptionsTest.LexicalException (0 ms)
[ RUN      ] ExceptionsTest.SyntaxException
[       OK ] ExceptionsTest.SyntaxException (0 ms)
[----------] 3 tests from ExceptionsTest (0 ms total)

[----------] 2 tests from LoggerTest
[ RUN      ] LoggerTest.LogLevels
[       OK ] LoggerTest.LogLevels (0 ms)
[ RUN      ] LoggerTest.BasicLogging
<end of output>
Test time =  30.02 sec
----------------------------------------------------------
Test Failed.
"CoreTests" end time: Aug 20 14:24 India Standard Time
"CoreTests" time elapsed: 00:00:30
----------------------------------------------------------

End testing: Aug 20 14:24 India Standard Time
